# JRE version: Java(TM) SE Runtime Environment (8.0_181-b13) (build 1.8.0_181-b13)
# Java VM: Java HotSpot(TM) 64-Bit Server VM (25.181-b13 mixed mode windows-amd64 compressed oops)
Heap:
 PSYoungGen      total 58368K, used 5038K [0x000000076c700000, 0x0000000770a00000, 0x00000007c0000000)
  eden space 51200K, 5% used [0x000000076c700000,0x000000076c9fba10,0x000000076f900000)
  from space 7168K, 27% used [0x0000000770300000,0x00000007704f0000,0x0000000770a00000)
  to   space 8704K, 0% used [0x000000076f900000,0x000000076f900000,0x0000000770180000)
 ParOldGen       total 74752K, used 9917K [0x00000006c5400000, 0x00000006c9d00000, 0x000000076c700000)
  object space 74752K, 13% used [0x00000006c5400000,0x00000006c5daf7f8,0x00000006c9d00000)
 Metaspace       used 30328K, capacity 31257K, committed 31488K, reserved 1077248K
  class space    used 3030K, capacity 3250K, committed 3328K, reserved 1048576K
GC Heap History (10 events):
Event: 326.083 GC heap before
{Heap before GC invocations=13 (full 1):
 PSYoungGen      total 59392K, used 59107K [0x000000076c700000, 0x0000000771300000, 0x00000007c0000000)
  eden space 56320K, 100% used [0x000000076c700000,0x000000076fe00000,0x000000076fe00000)
  from space 3072K, 90% used [0x000000076ff00000,0x00000007701b8d28,0x0000000770200000)
  to   space 10752K, 0% used [0x0000000770880000,0x0000000770880000,0x0000000771300000)
 ParOldGen       total 74752K, used 9885K [0x00000006c5400000, 0x00000006c9d00000, 0x000000076c700000)
  object space 74752K, 13% used [0x00000006c5400000,0x00000006c5da77f8,0x00000006c9d00000)
 Metaspace       used 24993K, capacity 25922K, committed 26112K, reserved 1073152K
  class space    used 2959K, capacity 3207K, committed 3328K, reserved 1048576K
Event: 326.085 GC heap after
Heap after GC invocations=13 (full 1):
 PSYoungGen      total 64000K, used 2815K [0x000000076c700000, 0x0000000771100000, 0x00000007c0000000)
  eden space 55296K, 0% used [0x000000076c700000,0x000000076c700000,0x000000076fd00000)
  from space 8704K, 32% used [0x0000000770880000,0x0000000770b3fec0,0x0000000771100000)
  to   space 10240K, 0% used [0x000000076fd00000,0x000000076fd00000,0x0000000770700000)
 ParOldGen       total 74752K, used 9893K [0x00000006c5400000, 0x00000006c9d00000, 0x000000076c700000)
  object space 74752K, 13% used [0x00000006c5400000,0x00000006c5da97f8,0x00000006c9d00000)
 Metaspace       used 24993K, capacity 25922K, committed 26112K, reserved 1073152K
  class space    used 2959K, capacity 3207K, committed 3328K, reserved 1048576K
}
Event: 373.019 GC heap before
{Heap before GC invocations=14 (full 1):
 PSYoungGen      total 64000K, used 58111K [0x000000076c700000, 0x0000000771100000, 0x00000007c0000000)
  eden space 55296K, 100% used [0x000000076c700000,0x000000076fd00000,0x000000076fd00000)
  from space 8704K, 32% used [0x0000000770880000,0x0000000770b3fec0,0x0000000771100000)
  to   space 10240K, 0% used [0x000000076fd00000,0x000000076fd00000,0x0000000770700000)
 ParOldGen       total 74752K, used 9893K [0x00000006c5400000, 0x00000006c9d00000, 0x000000076c700000)
  object space 74752K, 13% used [0x00000006c5400000,0x00000006c5da97f8,0x00000006c9d00000)
 Metaspace       used 25013K, capacity 25986K, committed 26368K, reserved 1073152K
  class space    used 2960K, capacity 3207K, committed 3328K, reserved 1048576K
Event: 373.022 GC heap after
Heap after GC invocations=14 (full 1):
 PSYoungGen      total 56832K, used 2080K [0x000000076c700000, 0x0000000770f00000, 0x00000007c0000000)
  eden space 54272K, 0% used [0x000000076c700000,0x000000076c700000,0x000000076fc00000)
  from space 2560K, 81% used [0x000000076fd00000,0x000000076ff08000,0x000000076ff80000)
  to   space 9728K, 0% used [0x0000000770580000,0x0000000770580000,0x0000000770f00000)
 ParOldGen       total 74752K, used 9901K [0x00000006c5400000, 0x00000006c9d00000, 0x000000076c700000)
  object space 74752K, 13% used [0x00000006c5400000,0x00000006c5dab7f8,0x00000006c9d00000)
 Metaspace       used 25013K, capacity 25986K, committed 26368K, reserved 1073152K
  class space    used 2960K, capacity 3207K, committed 3328K, reserved 1048576K
}
Event: 434.877 GC heap before
{Heap before GC invocations=15 (full 1):
 PSYoungGen      total 56832K, used 56352K [0x000000076c700000, 0x0000000770f00000, 0x00000007c0000000)
  eden space 54272K, 100% used [0x000000076c700000,0x000000076fc00000,0x000000076fc00000)
  from space 2560K, 81% used [0x000000076fd00000,0x000000076ff08000,0x000000076ff80000)
  to   space 9728K, 0% used [0x0000000770580000,0x0000000770580000,0x0000000770f00000)
 ParOldGen       total 74752K, used 9901K [0x00000006c5400000, 0x00000006c9d00000, 0x000000076c700000)
  object space 74752K, 13% used [0x00000006c5400000,0x00000006c5dab7f8,0x00000006c9d00000)
 Metaspace       used 25060K, capacity 26020K, committed 26368K, reserved 1073152K
  class space    used 2970K, capacity 3218K, committed 3328K, reserved 1048576K
Event: 434.884 GC heap after
Heap after GC invocations=15 (full 1):
 PSYoungGen      total 60928K, used 2080K [0x000000076c700000, 0x0000000770d00000, 0x00000007c0000000)
  eden space 53248K, 0% used [0x000000076c700000,0x000000076c700000,0x000000076fb00000)
  from space 7680K, 27% used [0x0000000770580000,0x0000000770788000,0x0000000770d00000)
  to   space 9216K, 0% used [0x000000076fb00000,0x000000076fb00000,0x0000000770400000)
 ParOldGen       total 74752K, used 9909K [0x00000006c5400000, 0x00000006c9d00000, 0x000000076c700000)
  object space 74752K, 13% used [0x00000006c5400000,0x00000006c5dad7f8,0x00000006c9d00000)
 Metaspace       used 25060K, capacity 26020K, committed 26368K, reserved 1073152K
  class space    used 2970K, capacity 3218K, committed 3328K, reserved 1048576K
}
Event: 508.224 GC heap before
{Heap before GC invocations=16 (full 1):
 PSYoungGen      total 60928K, used 55328K [0x000000076c700000, 0x0000000770d00000, 0x00000007c0000000)
  eden space 53248K, 100% used [0x000000076c700000,0x000000076fb00000,0x000000076fb00000)
  from space 7680K, 27% used [0x0000000770580000,0x0000000770788000,0x0000000770d00000)
  to   space 9216K, 0% used [0x000000076fb00000,0x000000076fb00000,0x0000000770400000)
 ParOldGen       total 74752K, used 9909K [0x00000006c5400000, 0x00000006c9d00000, 0x000000076c700000)
  object space 74752K, 13% used [0x00000006c5400000,0x00000006c5dad7f8,0x00000006c9d00000)
 Metaspace       used 25060K, capacity 26020K, committed 26368K, reserved 1073152K
  class space    used 2970K, capacity 3218K, committed 3328K, reserved 1048576K
Event: 508.227 GC heap after
Heap after GC invocations=16 (full 1):
 PSYoungGen      total 54272K, used 2048K [0x000000076c700000, 0x0000000770c00000, 0x00000007c0000000)
  eden space 52224K, 0% used [0x000000076c700000,0x000000076c700000,0x000000076fa00000)
  from space 2048K, 100% used [0x000000076fb00000,0x000000076fd00000,0x000000076fd00000)
  to   space 9216K, 0% used [0x0000000770300000,0x0000000770300000,0x0000000770c00000)
 ParOldGen       total 74752K, used 9909K [0x00000006c5400000, 0x00000006c9d00000, 0x000000076c700000)
  object space 74752K, 13% used [0x00000006c5400000,0x00000006c5dad7f8,0x00000006c9d00000)
 Metaspace       used 25060K, capacity 26020K, committed 26368K, reserved 1073152K
  class space    used 2970K, capacity 3218K, committed 3328K, reserved 1048576K
}
Event: 2172.582 GC heap before
{Heap before GC invocations=17 (full 1):
 PSYoungGen      total 54272K, used 54272K [0x000000076c700000, 0x0000000770c00000, 0x00000007c0000000)
  eden space 52224K, 100% used [0x000000076c700000,0x000000076fa00000,0x000000076fa00000)
  from space 2048K, 100% used [0x000000076fb00000,0x000000076fd00000,0x000000076fd00000)
  to   space 9216K, 0% used [0x0000000770300000,0x0000000770300000,0x0000000770c00000)
 ParOldGen       total 74752K, used 9909K [0x00000006c5400000, 0x00000006c9d00000, 0x000000076c700000)
  object space 74752K, 13% used [0x00000006c5400000,0x00000006c5dad7f8,0x00000006c9d00000)
 Metaspace       used 25175K, capacity 26148K, committed 26368K, reserved 1073152K
  class space    used 2971K, capacity 3218K, committed 3328K, reserved 1048576K
Event: 2172.622 GC heap after
Heap after GC invocations=17 (full 1):
 PSYoungGen      total 58368K, used 1984K [0x000000076c700000, 0x0000000770a00000, 0x00000007c0000000)
  eden space 51200K, 0% used [0x000000076c700000,0x000000076c700000,0x000000076f900000)
  from space 7168K, 27% used [0x0000000770300000,0x00000007704f0000,0x0000000770a00000)
  to   space 8704K, 0% used [0x000000076f900000,0x000000076f900000,0x0000000770180000)
 ParOldGen       total 74752K, used 9917K [0x00000006c5400000, 0x00000006c9d00000, 0x000000076c700000)
  object space 74752K, 13% used [0x00000006c5400000,0x00000006c5daf7f8,0x00000006c9d00000)
 Metaspace       used 25175K, capacity 26148K, committed 26368K, reserved 1073152K
  class space    used 2971K, capacity 3218K, committed 3328K, reserved 1048576K
}

